----------     scope #0      ----------
"print" [library function] (line 0) (scope 0)
"input" [library function] (line 0) (scope 0)
"objectmemberkeys" [library function] (line 0) (scope 0)
"objecttotalmembers" [library function] (line 0) (scope 0)
"objectcopy" [library function] (line 0) (scope 0)
"totalarguments" [library function] (line 0) (scope 0)
"argument" [library function] (line 0) (scope 0)
"typeof" [library function] (line 0) (scope 0)
"strtonum" [library function] (line 0) (scope 0)
"sqrt" [library function] (line 0) (scope 0)
"cos" [library function] (line 0) (scope 0)
"sin" [library function] (line 0) (scope 0)
"a" [global variable] (line 1) (scope 0) [programvar] (offset 0)
"^0" [local variable] (line 0) (scope 0) [programvar] (offset 1)
"b" [global variable] (line 2) (scope 0) [programvar] (offset 2)
"c" [global variable] (line 3) (scope 0) [programvar] (offset 3)
"foo" [user function] (line 5) (scope 0)
"goo" [user function] (line 7) (scope 0)

----------     scope #1      ----------
"x" [local variable] (line 7) (scope 1) [functionlocal] (offset 0)
"^0" [local variable] (line 0) (scope 1) [functionlocal] (offset 1)

