----------     scope #0      ----------
"print" [library function] (line 0) (scope 0)
"input" [library function] (line 0) (scope 0)
"objectmemberkeys" [library function] (line 0) (scope 0)
"objecttotalmembers" [library function] (line 0) (scope 0)
"objectcopy" [library function] (line 0) (scope 0)
"totalarguments" [library function] (line 0) (scope 0)
"argument" [library function] (line 0) (scope 0)
"typeof" [library function] (line 0) (scope 0)
"strtonum" [library function] (line 0) (scope 0)
"sqrt" [library function] (line 0) (scope 0)
"cos" [library function] (line 0) (scope 0)
"sin" [library function] (line 0) (scope 0)
"a" [user function] (line 1) (scope 0)
"b" [user function] (line 2) (scope 0)
"c" [user function] (line 3) (scope 0)
"$1" [user function] (line 5) (scope 0)
"^0" [local variable] (line 0) (scope 0) [programvar] (offset 0)
"^1" [local variable] (line 0) (scope 0) [programvar] (offset 1)
"^2" [local variable] (line 0) (scope 0) [programvar] (offset 2)
"$2" [user function] (line 8) (scope 0)
"^3" [local variable] (line 0) (scope 0) [programvar] (offset 3)
"^4" [local variable] (line 0) (scope 0) [programvar] (offset 4)
"^5" [local variable] (line 0) (scope 0) [programvar] (offset 5)

----------     scope #1      ----------
"$0" [user function] (line 2) (scope 1)
"a" [formal argument] (line 5) (scope 1) [formalarg] (offset 0)
"b" [formal argument] (line 5) (scope 1) [formalarg] (offset 1)
"c" [formal argument] (line 5) (scope 1) [formalarg] (offset 2)
"^0" [local variable] (line 0) (scope 1) [functionlocal] (offset 0)
"x" [formal argument] (line 8) (scope 1) [formalarg] (offset 0)

